-------- New Session Started --------
Timestamp: 1742497775.1127076

-------- New Session Started --------
Timestamp: 1742498223.8317487

Merging cluster 0 with 1: distance=0.295m
  Cluster 0: (-0.178, -0.082, -0.200) pts=39 q=0.65
  Cluster 1: (-0.030, 0.174, -0.200) pts=29 q=0.55
Merging cluster 0 with 1: distance=0.249m
  Cluster 0: (-0.042, -0.290, -0.200) pts=21 q=0.47
  Cluster 1: (-0.178, -0.082, -0.200) pts=39 q=0.65
Merging cluster 0 with 1: distance=0.295m
  Cluster 0: (-0.178, -0.081, -0.200) pts=36 q=0.62
  Cluster 1: (-0.029, 0.174, -0.200) pts=31 q=0.57
Merging cluster 1 with 2: distance=0.248m
  Cluster 1: (-0.178, -0.081, -0.200) pts=38 q=0.64
  Cluster 2: (-0.042, -0.288, -0.200) pts=21 q=0.47
Merging cluster 0 with 2: distance=0.296m
  Cluster 0: (-0.027, 0.176, -0.200) pts=38 q=0.65
  Cluster 2: (-0.182, -0.077, -0.200) pts=41 q=0.67
Merging cluster 0 with 1: distance=0.295m
  Cluster 0: (-0.179, -0.080, -0.200) pts=34 q=0.60
  Cluster 1: (-0.029, 0.175, -0.200) pts=28 q=0.53
Merging cluster 0 with 1: distance=0.294m
  Cluster 0: (-0.179, -0.080, -0.200) pts=37 q=0.63
  Cluster 1: (-0.031, 0.174, -0.200) pts=30 q=0.56
Merging cluster 0 with 1: distance=0.294m
  Cluster 0: (-0.031, 0.173, -0.200) pts=29 q=0.55
  Cluster 1: (-0.178, -0.081, -0.200) pts=36 q=0.62
Merging cluster 0 with 2: distance=0.138m
  Cluster 0: (-0.031, 0.173, -0.200) pts=29 q=0.55
  Cluster 2: (0.078, 0.259, -0.200) pts=15 q=0.40
-------- New Session Started --------
Timestamp: 1742499523.6109743

-------- New Session Started --------
Timestamp: 1742500915.2659745

-------- New Session Started --------
Timestamp: 1742501722.8330112

-------- New Session Started --------
Timestamp: 1742501965.166164

Merging cluster 0 with 1: distance=0.015m
  Cluster 0: (0.430, -0.477, -0.200) pts=9 q=0.41
  Cluster 1: (0.439, -0.466, -0.200) pts=7 q=0.44
-------- New Session Started --------
Timestamp: 1742502508.3465176

-------- New Session Started --------
Timestamp: 1742502582.8768363

Merging cluster 0 with 1: distance=0.276m
  Cluster 0: (0.114, -0.482, -0.200) pts=8 q=0.37
  Cluster 1: (0.386, -0.528, -0.200) pts=8 q=0.38
-------- New Session Started --------
Timestamp: 1742502836.3719056

Merging cluster 0 with 2: distance=0.316m
  Cluster 0: (0.435, -0.468, -0.200) pts=7 q=0.41
  Cluster 2: (0.121, -0.508, -0.200) pts=7 q=0.43
-------- New Session Started --------
Timestamp: 1742504574.2773397

Merging cluster 0 with 1: distance=0.072m
  Cluster 0: (0.431, -0.474, -0.200) pts=8 q=0.41
  Cluster 1: (0.383, -0.528, -0.200) pts=7 q=0.40
-------- New Session Started --------
Timestamp: 1742505396.2068994

-------- New Session Started --------
Timestamp: 1742505961.084679

-------- New Session Started --------
Timestamp: 1742506257.866656

Merging cluster 0 with 1: distance=0.224m
  Cluster 0: (0.477, 0.519, -0.200) pts=8 q=0.42
  Cluster 1: (0.435, 0.299, -0.200) pts=14 q=0.46
-------- New Session Started --------
Timestamp: 1742506411.584519

-------- New Session Started --------
Timestamp: 1742506430.7458208

Merging cluster 0 with 1: distance=0.420m
  Cluster 0: (0.483, 0.515, -0.200) pts=8 q=0.37
  Cluster 1: (0.872, 0.354, -0.200) pts=9 q=0.37
-------- New Session Started --------
Timestamp: 1742506747.3151703

-------- New Session Started --------
Timestamp: 1742506781.0746808

-------- New Session Started --------
Timestamp: 1742507945.9434683

-------- New Session Started --------
Timestamp: 1742508431.7013922

Merging cluster 0 with 2: distance=0.431m
  Cluster 0: (0.429, -0.477, -0.200) pts=9 q=0.41
  Cluster 2: (0.810, -0.679, -0.200) pts=7 q=0.35
-------- New Session Started --------
Timestamp: 1742508584.6670678

