[2.608s] Invoking command in '/home/ubuntu/dev/BallChase/ros2_ball_chase_ws/src/ball_chase': PYTHONPATH=/home/ubuntu/dev/BallChase/ros2_ball_chase_ws/build/ball_chase/prefix_override:/usr/lib/python3/dist-packages/colcon_core/task/python/colcon_distutils_commands:/home/ubuntu/dev/BallChase/ros2_ball_chase_ws/install/ball_chase/lib/python3.10/site-packages:${PYTHONPATH} /usr/bin/python3 -W ignore:setup.py install is deprecated -W ignore:easy_install command is deprecated setup.py egg_info --egg-base ../../build/ball_chase build --build-base /home/ubuntu/dev/BallChase/ros2_ball_chase_ws/build/ball_chase/build install --record /home/ubuntu/dev/BallChase/ros2_ball_chase_ws/build/ball_chase/install.log --single-version-externally-managed install_data
[3.345s] running egg_info
[3.410s] writing ../../build/ball_chase/ball_chase.egg-info/PKG-INFO
[3.411s] writing dependency_links to ../../build/ball_chase/ball_chase.egg-info/dependency_links.txt
[3.412s] writing entry points to ../../build/ball_chase/ball_chase.egg-info/entry_points.txt
[3.413s] writing requirements to ../../build/ball_chase/ball_chase.egg-info/requires.txt
[3.415s] writing top-level names to ../../build/ball_chase/ball_chase.egg-info/top_level.txt
[3.760s] reading manifest file '../../build/ball_chase/ball_chase.egg-info/SOURCES.txt'
[3.762s] writing manifest file '../../build/ball_chase/ball_chase.egg-info/SOURCES.txt'
[3.762s] running build
[3.762s] running build_py
[3.762s] copying ball_chase/__init__.py -> /home/ubuntu/dev/BallChase/ros2_ball_chase_ws/build/ball_chase/build/lib/ball_chase
[3.763s] copying models/__init__.py -> /home/ubuntu/dev/BallChase/ros2_ball_chase_ws/build/ball_chase/build/lib/models
[3.763s] copying ball_chase/nodes/diagnostics_visualizer_node.py -> /home/ubuntu/dev/BallChase/ros2_ball_chase_ws/build/ball_chase/build/lib/ball_chase/nodes
[3.764s] copying ball_chase/nodes/diagnostics_node.py -> /home/ubuntu/dev/BallChase/ros2_ball_chase_ws/build/ball_chase/build/lib/ball_chase/nodes
[3.764s] copying ball_chase/nodes/transform_receive.py -> /home/ubuntu/dev/BallChase/ros2_ball_chase_ws/build/ball_chase/build/lib/ball_chase/nodes
[3.764s] copying ball_chase/nodes/yolo_ball_node.py -> /home/ubuntu/dev/BallChase/ros2_ball_chase_ws/build/ball_chase/build/lib/ball_chase/nodes
[3.764s] copying ball_chase/nodes/fusion_node.py -> /home/ubuntu/dev/BallChase/ros2_ball_chase_ws/build/ball_chase/build/lib/ball_chase/nodes
[3.765s] copying ball_chase/nodes/hsv_ball_node.py -> /home/ubuntu/dev/BallChase/ros2_ball_chase_ws/build/ball_chase/build/lib/ball_chase/nodes
[3.765s] copying ball_chase/nodes/transform_test.py -> /home/ubuntu/dev/BallChase/ros2_ball_chase_ws/build/ball_chase/build/lib/ball_chase/nodes
[3.765s] copying ball_chase/nodes/depth_camera_node.py -> /home/ubuntu/dev/BallChase/ros2_ball_chase_ws/build/ball_chase/build/lib/ball_chase/nodes
[3.765s] copying ball_chase/nodes/lidar_node.py -> /home/ubuntu/dev/BallChase/ros2_ball_chase_ws/build/ball_chase/build/lib/ball_chase/nodes
[3.766s] copying ball_chase/nodes/__init__.py -> /home/ubuntu/dev/BallChase/ros2_ball_chase_ws/build/ball_chase/build/lib/ball_chase/nodes
[3.769s] copying ball_chase/config/config_loader.py -> /home/ubuntu/dev/BallChase/ros2_ball_chase_ws/build/ball_chase/build/lib/ball_chase/config
[3.772s] copying ball_chase/config/__init__.py -> /home/ubuntu/dev/BallChase/ros2_ball_chase_ws/build/ball_chase/build/lib/ball_chase/config
[3.775s] copying ball_chase/utilities/resource_monitor.py -> /home/ubuntu/dev/BallChase/ros2_ball_chase_ws/build/ball_chase/build/lib/ball_chase/utilities
[3.778s] copying ball_chase/utilities/depth_camera_calibrate.py -> /home/ubuntu/dev/BallChase/ros2_ball_chase_ws/build/ball_chase/build/lib/ball_chase/utilities
[3.781s] copying ball_chase/utilities/time_utils.py -> /home/ubuntu/dev/BallChase/ros2_ball_chase_ws/build/ball_chase/build/lib/ball_chase/utilities
[3.783s] copying ball_chase/utilities/synchronized_processor.py -> /home/ubuntu/dev/BallChase/ros2_ball_chase_ws/build/ball_chase/build/lib/ball_chase/utilities
[3.786s] copying ball_chase/utilities/kalman_fusion_with_sync.py -> /home/ubuntu/dev/BallChase/ros2_ball_chase_ws/build/ball_chase/build/lib/ball_chase/utilities
[3.787s] copying ball_chase/utilities/profile_test.py -> /home/ubuntu/dev/BallChase/ros2_ball_chase_ws/build/ball_chase/build/lib/ball_chase/utilities
[3.790s] copying ball_chase/utilities/calibrate_lidar_vs_camera.py -> /home/ubuntu/dev/BallChase/ros2_ball_chase_ws/build/ball_chase/build/lib/ball_chase/utilities
[3.790s] copying ball_chase/utilities/hsv_debugger.py -> /home/ubuntu/dev/BallChase/ros2_ball_chase_ws/build/ball_chase/build/lib/ball_chase/utilities
[3.799s] copying ball_chase/utilities/__init__.py -> /home/ubuntu/dev/BallChase/ros2_ball_chase_ws/build/ball_chase/build/lib/ball_chase/utilities
[3.799s] copying ball_chase/utilities/sensor_sync_buffer.py -> /home/ubuntu/dev/BallChase/ros2_ball_chase_ws/build/ball_chase/build/lib/ball_chase/utilities
[3.799s] running install
[3.810s] running install_lib
[3.843s] copying /home/ubuntu/dev/BallChase/ros2_ball_chase_ws/build/ball_chase/build/lib/ball_chase/nodes/fusion_node.py -> /home/ubuntu/dev/BallChase/ros2_ball_chase_ws/install/ball_chase/lib/python3.10/site-packages/ball_chase/nodes
[3.845s] byte-compiling /home/ubuntu/dev/BallChase/ros2_ball_chase_ws/install/ball_chase/lib/python3.10/site-packages/ball_chase/nodes/fusion_node.py to fusion_node.cpython-310.pyc
[3.854s] running install_data
[3.854s] copying resource/ball_chase -> /home/ubuntu/dev/BallChase/ros2_ball_chase_ws/install/ball_chase/share/ament_index/resource_index/packages
[3.854s] copying package.xml -> /home/ubuntu/dev/BallChase/ros2_ball_chase_ws/install/ball_chase/share/ball_chase
[3.855s] copying launch/ball_chase.launch.py -> /home/ubuntu/dev/BallChase/ros2_ball_chase_ws/install/ball_chase/share/ball_chase/launch
[3.855s] copying config/lidar_config.yaml -> /home/ubuntu/dev/BallChase/ros2_ball_chase_ws/install/ball_chase/share/ball_chase/config
[3.855s] copying config/yolo_config.yaml -> /home/ubuntu/dev/BallChase/ros2_ball_chase_ws/install/ball_chase/share/ball_chase/config
[3.855s] copying config/depth_config.yaml -> /home/ubuntu/dev/BallChase/ros2_ball_chase_ws/install/ball_chase/share/ball_chase/config
[3.855s] copying config/fusion_config.yaml -> /home/ubuntu/dev/BallChase/ros2_ball_chase_ws/install/ball_chase/share/ball_chase/config
[3.856s] copying config/hsv_config.yaml -> /home/ubuntu/dev/BallChase/ros2_ball_chase_ws/install/ball_chase/share/ball_chase/config
[3.858s] copying models/yolo12n_640.mnn -> /home/ubuntu/dev/BallChase/ros2_ball_chase_ws/install/ball_chase/share/ball_chase/models
[3.877s] copying models/yolo11n_320.mnn -> /home/ubuntu/dev/BallChase/ros2_ball_chase_ws/install/ball_chase/share/ball_chase/models
[3.910s] copying models/yolo12s_320.mnn -> /home/ubuntu/dev/BallChase/ros2_ball_chase_ws/install/ball_chase/share/ball_chase/models
[3.963s] copying models/yolo12n_320.mnn -> /home/ubuntu/dev/BallChase/ros2_ball_chase_ws/install/ball_chase/share/ball_chase/models
[3.989s] running install_egg_info
[4.060s] removing '/home/ubuntu/dev/BallChase/ros2_ball_chase_ws/install/ball_chase/lib/python3.10/site-packages/ball_chase-0.0.0-py3.10.egg-info' (and everything under it)
[4.060s] Copying ../../build/ball_chase/ball_chase.egg-info to /home/ubuntu/dev/BallChase/ros2_ball_chase_ws/install/ball_chase/lib/python3.10/site-packages/ball_chase-0.0.0-py3.10.egg-info
[4.062s] running install_scripts
[4.344s] Installing depth_camera_node script to /home/ubuntu/dev/BallChase/ros2_ball_chase_ws/install/ball_chase/lib/ball_chase
[4.345s] Installing fusion_node script to /home/ubuntu/dev/BallChase/ros2_ball_chase_ws/install/ball_chase/lib/ball_chase
[4.346s] Installing hsv_ball_node script to /home/ubuntu/dev/BallChase/ros2_ball_chase_ws/install/ball_chase/lib/ball_chase
[4.348s] Installing lidar_node script to /home/ubuntu/dev/BallChase/ros2_ball_chase_ws/install/ball_chase/lib/ball_chase
[4.349s] Installing yolo_ball_node script to /home/ubuntu/dev/BallChase/ros2_ball_chase_ws/install/ball_chase/lib/ball_chase
[4.352s] writing list of installed files to '/home/ubuntu/dev/BallChase/ros2_ball_chase_ws/build/ball_chase/install.log'
[4.523s] Invoked command in '/home/ubuntu/dev/BallChase/ros2_ball_chase_ws/src/ball_chase' returned '0': PYTHONPATH=/home/ubuntu/dev/BallChase/ros2_ball_chase_ws/build/ball_chase/prefix_override:/usr/lib/python3/dist-packages/colcon_core/task/python/colcon_distutils_commands:/home/ubuntu/dev/BallChase/ros2_ball_chase_ws/install/ball_chase/lib/python3.10/site-packages:${PYTHONPATH} /usr/bin/python3 -W ignore:setup.py install is deprecated -W ignore:easy_install command is deprecated setup.py egg_info --egg-base ../../build/ball_chase build --build-base /home/ubuntu/dev/BallChase/ros2_ball_chase_ws/build/ball_chase/build install --record /home/ubuntu/dev/BallChase/ros2_ball_chase_ws/build/ball_chase/install.log --single-version-externally-managed install_data
