running develop
running egg_info
writing ball_chase.egg-info/PKG-INFO
writing dependency_links to ball_chase.egg-info/dependency_links.txt
writing entry points to ball_chase.egg-info/entry_points.txt
writing requirements to ball_chase.egg-info/requires.txt
writing top-level names to ball_chase.egg-info/top_level.txt
reading manifest file 'ball_chase.egg-info/SOURCES.txt'
writing manifest file 'ball_chase.egg-info/SOURCES.txt'
running build_ext
Creating /home/ubuntu/dev/BallChase/ros2_ball_chase_ws/install/ball_chase/lib/python3.10/site-packages/ball-chase.egg-link (link to .)
Installing depth_camera_node script to /home/ubuntu/dev/BallChase/ros2_ball_chase_ws/install/ball_chase/lib/ball_chase
Installing fusion_node script to /home/ubuntu/dev/BallChase/ros2_ball_chase_ws/install/ball_chase/lib/ball_chase
Installing hsv_ball_node script to /home/ubuntu/dev/BallChase/ros2_ball_chase_ws/install/ball_chase/lib/ball_chase
Installing lidar_node script to /home/ubuntu/dev/BallChase/ros2_ball_chase_ws/install/ball_chase/lib/ball_chase
Installing yolo_ball_node script to /home/ubuntu/dev/BallChase/ros2_ball_chase_ws/install/ball_chase/lib/ball_chase

Installed /home/ubuntu/dev/BallChase/ros2_ball_chase_ws/build/ball_chase
running symlink_data
symbolically linking /home/ubuntu/dev/BallChase/ros2_ball_chase_ws/build/ball_chase/resource/ball_chase -> /home/ubuntu/dev/BallChase/ros2_ball_chase_ws/install/ball_chase/share/ament_index/resource_index/packages
symbolically linking /home/ubuntu/dev/BallChase/ros2_ball_chase_ws/build/ball_chase/package.xml -> /home/ubuntu/dev/BallChase/ros2_ball_chase_ws/install/ball_chase/share/ball_chase
symbolically linking /home/ubuntu/dev/BallChase/ros2_ball_chase_ws/build/ball_chase/launch/ball_chase.launch.py -> /home/ubuntu/dev/BallChase/ros2_ball_chase_ws/install/ball_chase/share/ball_chase/launch
error: [Errno 2] No such file or directory: '/home/ubuntu/dev/BallChase/ros2_ball_chase_ws/install/ball_chase/share/ball_chase/config/lidar_config.yaml'
