[5.502s] Invoking command in '/home/ubuntu/dev/BallChase/ros2_ball_chase_ws/build/ball_chase': PYTHONPATH=/home/ubuntu/dev/BallChase/ros2_ball_chase_ws/build/ball_chase/prefix_override:/usr/lib/python3/dist-packages/colcon_core/task/python/colcon_distutils_commands:/home/ubuntu/dev/BallChase/ros2_ball_chase_ws/install/ball_chase/lib/python3.10/site-packages:${PYTHONPATH} /usr/bin/python3 -W ignore:setup.py install is deprecated -W ignore:easy_install command is deprecated setup.py develop --editable --build-directory /home/ubuntu/dev/BallChase/ros2_ball_chase_ws/build/ball_chase/build --no-deps symlink_data --force
[6.937s] running develop
[8.254s] running egg_info
[8.312s] writing ball_chase.egg-info/PKG-INFO
[8.312s] writing dependency_links to ball_chase.egg-info/dependency_links.txt
[8.312s] writing entry points to ball_chase.egg-info/entry_points.txt
[8.314s] writing requirements to ball_chase.egg-info/requires.txt
[8.316s] writing top-level names to ball_chase.egg-info/top_level.txt
[8.684s] reading manifest file 'ball_chase.egg-info/SOURCES.txt'
[8.688s] writing manifest file 'ball_chase.egg-info/SOURCES.txt'
[8.872s] running build_ext
[8.872s] Creating /home/ubuntu/dev/BallChase/ros2_ball_chase_ws/install/ball_chase/lib/python3.10/site-packages/ball-chase.egg-link (link to .)
[8.879s] Installing depth_camera_node script to /home/ubuntu/dev/BallChase/ros2_ball_chase_ws/install/ball_chase/lib/ball_chase
[8.882s] Installing fusion_node script to /home/ubuntu/dev/BallChase/ros2_ball_chase_ws/install/ball_chase/lib/ball_chase
[8.882s] Installing hsv_ball_node script to /home/ubuntu/dev/BallChase/ros2_ball_chase_ws/install/ball_chase/lib/ball_chase
[8.884s] Installing lidar_node script to /home/ubuntu/dev/BallChase/ros2_ball_chase_ws/install/ball_chase/lib/ball_chase
[8.885s] Installing yolo_ball_node script to /home/ubuntu/dev/BallChase/ros2_ball_chase_ws/install/ball_chase/lib/ball_chase
[8.885s] 
[8.885s] Installed /home/ubuntu/dev/BallChase/ros2_ball_chase_ws/build/ball_chase
[8.885s] running symlink_data
[8.885s] symbolically linking /home/ubuntu/dev/BallChase/ros2_ball_chase_ws/build/ball_chase/resource/ball_chase -> /home/ubuntu/dev/BallChase/ros2_ball_chase_ws/install/ball_chase/share/ament_index/resource_index/packages
[8.886s] symbolically linking /home/ubuntu/dev/BallChase/ros2_ball_chase_ws/build/ball_chase/package.xml -> /home/ubuntu/dev/BallChase/ros2_ball_chase_ws/install/ball_chase/share/ball_chase
[8.886s] symbolically linking /home/ubuntu/dev/BallChase/ros2_ball_chase_ws/build/ball_chase/launch/ball_chase.launch.py -> /home/ubuntu/dev/BallChase/ros2_ball_chase_ws/install/ball_chase/share/ball_chase/launch
[8.889s] symbolically linking /home/ubuntu/dev/BallChase/ros2_ball_chase_ws/build/ball_chase/config/lidar_config.yaml -> /home/ubuntu/dev/BallChase/ros2_ball_chase_ws/install/ball_chase/share/ball_chase/config
[8.889s] symbolically linking /home/ubuntu/dev/BallChase/ros2_ball_chase_ws/build/ball_chase/config/yolo_config.yaml -> /home/ubuntu/dev/BallChase/ros2_ball_chase_ws/install/ball_chase/share/ball_chase/config
[8.889s] symbolically linking /home/ubuntu/dev/BallChase/ros2_ball_chase_ws/build/ball_chase/config/depth_config.yaml -> /home/ubuntu/dev/BallChase/ros2_ball_chase_ws/install/ball_chase/share/ball_chase/config
[8.889s] symbolically linking /home/ubuntu/dev/BallChase/ros2_ball_chase_ws/build/ball_chase/config/fusion_config.yaml -> /home/ubuntu/dev/BallChase/ros2_ball_chase_ws/install/ball_chase/share/ball_chase/config
[8.890s] symbolically linking /home/ubuntu/dev/BallChase/ros2_ball_chase_ws/build/ball_chase/config/hsv_config.yaml -> /home/ubuntu/dev/BallChase/ros2_ball_chase_ws/install/ball_chase/share/ball_chase/config
[8.893s] symbolically linking /home/ubuntu/dev/BallChase/ros2_ball_chase_ws/build/ball_chase/models/yolo12n_640.mnn -> /home/ubuntu/dev/BallChase/ros2_ball_chase_ws/install/ball_chase/share/ball_chase/models
[8.894s] symbolically linking /home/ubuntu/dev/BallChase/ros2_ball_chase_ws/build/ball_chase/models/yolo11n_320.mnn -> /home/ubuntu/dev/BallChase/ros2_ball_chase_ws/install/ball_chase/share/ball_chase/models
[8.895s] symbolically linking /home/ubuntu/dev/BallChase/ros2_ball_chase_ws/build/ball_chase/models/yolo12s_320.mnn -> /home/ubuntu/dev/BallChase/ros2_ball_chase_ws/install/ball_chase/share/ball_chase/models
[8.900s] symbolically linking /home/ubuntu/dev/BallChase/ros2_ball_chase_ws/build/ball_chase/models/yolo12n_320.mnn -> /home/ubuntu/dev/BallChase/ros2_ball_chase_ws/install/ball_chase/share/ball_chase/models
[9.172s] Invoked command in '/home/ubuntu/dev/BallChase/ros2_ball_chase_ws/build/ball_chase' returned '0': PYTHONPATH=/home/ubuntu/dev/BallChase/ros2_ball_chase_ws/build/ball_chase/prefix_override:/usr/lib/python3/dist-packages/colcon_core/task/python/colcon_distutils_commands:/home/ubuntu/dev/BallChase/ros2_ball_chase_ws/install/ball_chase/lib/python3.10/site-packages:${PYTHONPATH} /usr/bin/python3 -W ignore:setup.py install is deprecated -W ignore:easy_install command is deprecated setup.py develop --editable --build-directory /home/ubuntu/dev/BallChase/ros2_ball_chase_ws/build/ball_chase/build --no-deps symlink_data --force
