[1.923s] Invoking command in '/home/ubuntu/dev/BallChase/ros2_ball_chase_ws/src/ball_chase': PYTHONPATH=/home/ubuntu/dev/BallChase/ros2_ball_chase_ws/build/ball_chase/prefix_override:/usr/lib/python3/dist-packages/colcon_core/task/python/colcon_distutils_commands:/home/ubuntu/dev/BallChase/ros2_ball_chase_ws/install/ball_chase/lib/python3.10/site-packages:${PYTHONPATH} /usr/bin/python3 -W ignore:setup.py install is deprecated -W ignore:easy_install command is deprecated setup.py egg_info --egg-base ../../build/ball_chase build --build-base /home/ubuntu/dev/BallChase/ros2_ball_chase_ws/build/ball_chase/build install --record /home/ubuntu/dev/BallChase/ros2_ball_chase_ws/build/ball_chase/install.log --single-version-externally-managed install_data
[2.474s] running egg_info
[2.501s] writing ../../build/ball_chase/ball_chase.egg-info/PKG-INFO
[2.502s] writing dependency_links to ../../build/ball_chase/ball_chase.egg-info/dependency_links.txt
[2.503s] writing entry points to ../../build/ball_chase/ball_chase.egg-info/entry_points.txt
[2.504s] writing requirements to ../../build/ball_chase/ball_chase.egg-info/requires.txt
[2.507s] writing top-level names to ../../build/ball_chase/ball_chase.egg-info/top_level.txt
[2.743s] reading manifest file '../../build/ball_chase/ball_chase.egg-info/SOURCES.txt'
[2.747s] writing manifest file '../../build/ball_chase/ball_chase.egg-info/SOURCES.txt'
[2.748s] running build
[2.749s] running build_py
[2.751s] copying ball_chase/__init__.py -> /home/ubuntu/dev/BallChase/ros2_ball_chase_ws/build/ball_chase/build/lib/ball_chase
[2.751s] copying models/__init__.py -> /home/ubuntu/dev/BallChase/ros2_ball_chase_ws/build/ball_chase/build/lib/models
[2.754s] copying ball_chase/nodes/diagnostics_visualizer_node.py -> /home/ubuntu/dev/BallChase/ros2_ball_chase_ws/build/ball_chase/build/lib/ball_chase/nodes
[2.756s] copying ball_chase/nodes/diagnostics_node.py -> /home/ubuntu/dev/BallChase/ros2_ball_chase_ws/build/ball_chase/build/lib/ball_chase/nodes
[2.759s] copying ball_chase/nodes/transform_receive.py -> /home/ubuntu/dev/BallChase/ros2_ball_chase_ws/build/ball_chase/build/lib/ball_chase/nodes
[2.762s] copying ball_chase/nodes/yolo_ball_node.py -> /home/ubuntu/dev/BallChase/ros2_ball_chase_ws/build/ball_chase/build/lib/ball_chase/nodes
[2.763s] copying ball_chase/nodes/fusion_node.py -> /home/ubuntu/dev/BallChase/ros2_ball_chase_ws/build/ball_chase/build/lib/ball_chase/nodes
[2.763s] copying ball_chase/nodes/hsv_ball_node.py -> /home/ubuntu/dev/BallChase/ros2_ball_chase_ws/build/ball_chase/build/lib/ball_chase/nodes
[2.765s] copying ball_chase/nodes/transform_test.py -> /home/ubuntu/dev/BallChase/ros2_ball_chase_ws/build/ball_chase/build/lib/ball_chase/nodes
[2.765s] copying ball_chase/nodes/depth_camera_node.py -> /home/ubuntu/dev/BallChase/ros2_ball_chase_ws/build/ball_chase/build/lib/ball_chase/nodes
[2.766s] copying ball_chase/nodes/lidar_node.py -> /home/ubuntu/dev/BallChase/ros2_ball_chase_ws/build/ball_chase/build/lib/ball_chase/nodes
[2.766s] copying ball_chase/nodes/__init__.py -> /home/ubuntu/dev/BallChase/ros2_ball_chase_ws/build/ball_chase/build/lib/ball_chase/nodes
[2.766s] copying ball_chase/config/config_loader.py -> /home/ubuntu/dev/BallChase/ros2_ball_chase_ws/build/ball_chase/build/lib/ball_chase/config
[2.767s] copying ball_chase/config/__init__.py -> /home/ubuntu/dev/BallChase/ros2_ball_chase_ws/build/ball_chase/build/lib/ball_chase/config
[2.767s] copying ball_chase/utilities/resource_monitor.py -> /home/ubuntu/dev/BallChase/ros2_ball_chase_ws/build/ball_chase/build/lib/ball_chase/utilities
[2.767s] copying ball_chase/utilities/depth_camera_calibrate.py -> /home/ubuntu/dev/BallChase/ros2_ball_chase_ws/build/ball_chase/build/lib/ball_chase/utilities
[2.769s] copying ball_chase/utilities/time_utils.py -> /home/ubuntu/dev/BallChase/ros2_ball_chase_ws/build/ball_chase/build/lib/ball_chase/utilities
[2.769s] copying ball_chase/utilities/synchronized_processor.py -> /home/ubuntu/dev/BallChase/ros2_ball_chase_ws/build/ball_chase/build/lib/ball_chase/utilities
[2.769s] copying ball_chase/utilities/kalman_fusion_with_sync.py -> /home/ubuntu/dev/BallChase/ros2_ball_chase_ws/build/ball_chase/build/lib/ball_chase/utilities
[2.770s] copying ball_chase/utilities/profile_test.py -> /home/ubuntu/dev/BallChase/ros2_ball_chase_ws/build/ball_chase/build/lib/ball_chase/utilities
[2.770s] copying ball_chase/utilities/calibrate_lidar_vs_camera.py -> /home/ubuntu/dev/BallChase/ros2_ball_chase_ws/build/ball_chase/build/lib/ball_chase/utilities
[2.771s] copying ball_chase/utilities/hsv_debugger.py -> /home/ubuntu/dev/BallChase/ros2_ball_chase_ws/build/ball_chase/build/lib/ball_chase/utilities
[2.771s] copying ball_chase/utilities/__init__.py -> /home/ubuntu/dev/BallChase/ros2_ball_chase_ws/build/ball_chase/build/lib/ball_chase/utilities
[2.771s] copying ball_chase/utilities/sensor_sync_buffer.py -> /home/ubuntu/dev/BallChase/ros2_ball_chase_ws/build/ball_chase/build/lib/ball_chase/utilities
[2.772s] running install
[2.781s] running install_lib
[2.808s] copying /home/ubuntu/dev/BallChase/ros2_ball_chase_ws/build/ball_chase/build/lib/ball_chase/nodes/fusion_node.py -> /home/ubuntu/dev/BallChase/ros2_ball_chase_ws/install/ball_chase/lib/python3.10/site-packages/ball_chase/nodes
[2.809s] byte-compiling /home/ubuntu/dev/BallChase/ros2_ball_chase_ws/install/ball_chase/lib/python3.10/site-packages/ball_chase/nodes/fusion_node.py to fusion_node.cpython-310.pyc
[2.814s] running install_data
[2.814s] copying resource/ball_chase -> /home/ubuntu/dev/BallChase/ros2_ball_chase_ws/install/ball_chase/share/ament_index/resource_index/packages
[2.814s] copying package.xml -> /home/ubuntu/dev/BallChase/ros2_ball_chase_ws/install/ball_chase/share/ball_chase
[2.814s] copying launch/ball_chase.launch.py -> /home/ubuntu/dev/BallChase/ros2_ball_chase_ws/install/ball_chase/share/ball_chase/launch
[2.814s] copying config/lidar_config.yaml -> /home/ubuntu/dev/BallChase/ros2_ball_chase_ws/install/ball_chase/share/ball_chase/config
[2.814s] copying config/yolo_config.yaml -> /home/ubuntu/dev/BallChase/ros2_ball_chase_ws/install/ball_chase/share/ball_chase/config
[2.815s] copying config/depth_config.yaml -> /home/ubuntu/dev/BallChase/ros2_ball_chase_ws/install/ball_chase/share/ball_chase/config
[2.815s] copying config/fusion_config.yaml -> /home/ubuntu/dev/BallChase/ros2_ball_chase_ws/install/ball_chase/share/ball_chase/config
[2.815s] copying config/hsv_config.yaml -> /home/ubuntu/dev/BallChase/ros2_ball_chase_ws/install/ball_chase/share/ball_chase/config
[2.815s] copying models/yolo12n_640.mnn -> /home/ubuntu/dev/BallChase/ros2_ball_chase_ws/install/ball_chase/share/ball_chase/models
[2.826s] copying models/yolo11n_320.mnn -> /home/ubuntu/dev/BallChase/ros2_ball_chase_ws/install/ball_chase/share/ball_chase/models
[2.838s] copying models/yolo12s_320.mnn -> /home/ubuntu/dev/BallChase/ros2_ball_chase_ws/install/ball_chase/share/ball_chase/models
[2.897s] copying models/yolo12n_320.mnn -> /home/ubuntu/dev/BallChase/ros2_ball_chase_ws/install/ball_chase/share/ball_chase/models
[2.908s] running install_egg_info
[2.937s] removing '/home/ubuntu/dev/BallChase/ros2_ball_chase_ws/install/ball_chase/lib/python3.10/site-packages/ball_chase-0.0.0-py3.10.egg-info' (and everything under it)
[2.937s] Copying ../../build/ball_chase/ball_chase.egg-info to /home/ubuntu/dev/BallChase/ros2_ball_chase_ws/install/ball_chase/lib/python3.10/site-packages/ball_chase-0.0.0-py3.10.egg-info
[2.938s] running install_scripts
[3.019s] Installing depth_camera_node script to /home/ubuntu/dev/BallChase/ros2_ball_chase_ws/install/ball_chase/lib/ball_chase
[3.019s] Installing fusion_node script to /home/ubuntu/dev/BallChase/ros2_ball_chase_ws/install/ball_chase/lib/ball_chase
[3.022s] Installing hsv_ball_node script to /home/ubuntu/dev/BallChase/ros2_ball_chase_ws/install/ball_chase/lib/ball_chase
[3.023s] Installing lidar_node script to /home/ubuntu/dev/BallChase/ros2_ball_chase_ws/install/ball_chase/lib/ball_chase
[3.024s] Installing yolo_ball_node script to /home/ubuntu/dev/BallChase/ros2_ball_chase_ws/install/ball_chase/lib/ball_chase
[3.026s] writing list of installed files to '/home/ubuntu/dev/BallChase/ros2_ball_chase_ws/build/ball_chase/install.log'
[3.139s] Invoked command in '/home/ubuntu/dev/BallChase/ros2_ball_chase_ws/src/ball_chase' returned '0': PYTHONPATH=/home/ubuntu/dev/BallChase/ros2_ball_chase_ws/build/ball_chase/prefix_override:/usr/lib/python3/dist-packages/colcon_core/task/python/colcon_distutils_commands:/home/ubuntu/dev/BallChase/ros2_ball_chase_ws/install/ball_chase/lib/python3.10/site-packages:${PYTHONPATH} /usr/bin/python3 -W ignore:setup.py install is deprecated -W ignore:easy_install command is deprecated setup.py egg_info --egg-base ../../build/ball_chase build --build-base /home/ubuntu/dev/BallChase/ros2_ball_chase_ws/build/ball_chase/build install --record /home/ubuntu/dev/BallChase/ros2_ball_chase_ws/build/ball_chase/install.log --single-version-externally-managed install_data
