[1.879s] Invoking command in '/home/ubuntu/dev/BallChase/ros2_ball_chase_ws/build/ball_chase': PYTHONPATH=/home/ubuntu/dev/BallChase/ros2_ball_chase_ws/build/ball_chase/prefix_override:/usr/lib/python3/dist-packages/colcon_core/task/python/colcon_distutils_commands:/home/ubuntu/dev/BallChase/ros2_ball_chase_ws/install/ball_chase/lib/python3.10/site-packages:${PYTHONPATH} /usr/bin/python3 -W ignore:setup.py install is deprecated -W ignore:easy_install command is deprecated setup.py develop --editable --build-directory /home/ubuntu/dev/BallChase/ros2_ball_chase_ws/build/ball_chase/build --no-deps symlink_data --force
[2.531s] running develop
[2.932s] running egg_info
[2.975s] writing ball_chase.egg-info/PKG-INFO
[2.977s] writing dependency_links to ball_chase.egg-info/dependency_links.txt
[2.977s] writing entry points to ball_chase.egg-info/entry_points.txt
[2.978s] writing requirements to ball_chase.egg-info/requires.txt
[2.978s] writing top-level names to ball_chase.egg-info/top_level.txt
[3.036s] reading manifest file 'ball_chase.egg-info/SOURCES.txt'
[3.037s] writing manifest file 'ball_chase.egg-info/SOURCES.txt'
[3.111s] running build_ext
[3.111s] Creating /home/ubuntu/dev/BallChase/ros2_ball_chase_ws/install/ball_chase/lib/python3.10/site-packages/ball-chase.egg-link (link to .)
[3.112s] Installing depth_camera_node script to /home/ubuntu/dev/BallChase/ros2_ball_chase_ws/install/ball_chase/lib/ball_chase
[3.112s] Installing fusion_node script to /home/ubuntu/dev/BallChase/ros2_ball_chase_ws/install/ball_chase/lib/ball_chase
[3.112s] Installing hsv_ball_node script to /home/ubuntu/dev/BallChase/ros2_ball_chase_ws/install/ball_chase/lib/ball_chase
[3.113s] Installing lidar_node script to /home/ubuntu/dev/BallChase/ros2_ball_chase_ws/install/ball_chase/lib/ball_chase
[3.113s] Installing yolo_ball_node script to /home/ubuntu/dev/BallChase/ros2_ball_chase_ws/install/ball_chase/lib/ball_chase
[3.113s] 
[3.113s] Installed /home/ubuntu/dev/BallChase/ros2_ball_chase_ws/build/ball_chase
[3.113s] running symlink_data
[3.113s] symbolically linking /home/ubuntu/dev/BallChase/ros2_ball_chase_ws/build/ball_chase/resource/ball_chase -> /home/ubuntu/dev/BallChase/ros2_ball_chase_ws/install/ball_chase/share/ament_index/resource_index/packages
[3.114s] symbolically linking /home/ubuntu/dev/BallChase/ros2_ball_chase_ws/build/ball_chase/package.xml -> /home/ubuntu/dev/BallChase/ros2_ball_chase_ws/install/ball_chase/share/ball_chase
[3.114s] symbolically linking /home/ubuntu/dev/BallChase/ros2_ball_chase_ws/build/ball_chase/launch/ball_chase.launch.py -> /home/ubuntu/dev/BallChase/ros2_ball_chase_ws/install/ball_chase/share/ball_chase/launch
[3.114s] error: can't copy '/home/ubuntu/dev/BallChase/ros2_ball_chase_ws/build/ball_chase/config/lidar_config.yaml': doesn't exist or not a regular file
[3.242s] Invoked command in '/home/ubuntu/dev/BallChase/ros2_ball_chase_ws/build/ball_chase' returned '1': PYTHONPATH=/home/ubuntu/dev/BallChase/ros2_ball_chase_ws/build/ball_chase/prefix_override:/usr/lib/python3/dist-packages/colcon_core/task/python/colcon_distutils_commands:/home/ubuntu/dev/BallChase/ros2_ball_chase_ws/install/ball_chase/lib/python3.10/site-packages:${PYTHONPATH} /usr/bin/python3 -W ignore:setup.py install is deprecated -W ignore:easy_install command is deprecated setup.py develop --editable --build-directory /home/ubuntu/dev/BallChase/ros2_ball_chase_ws/build/ball_chase/build --no-deps symlink_data --force
