[2.372s] Invoking command in '/home/ubuntu/dev/BallChase/ros2_ball_chase_ws/src/ball_chase': PYTHONPATH=/home/ubuntu/dev/BallChase/ros2_ball_chase_ws/build/ball_chase/prefix_override:/usr/lib/python3/dist-packages/colcon_core/task/python/colcon_distutils_commands:/home/ubuntu/dev/BallChase/ros2_ball_chase_ws/install/ball_chase/lib/python3.10/site-packages:${PYTHONPATH} /usr/bin/python3 -W ignore:setup.py install is deprecated -W ignore:easy_install command is deprecated setup.py egg_info --egg-base ../../build/ball_chase build --build-base /home/ubuntu/dev/BallChase/ros2_ball_chase_ws/build/ball_chase/build install --record /home/ubuntu/dev/BallChase/ros2_ball_chase_ws/build/ball_chase/install.log --single-version-externally-managed install_data
[2.902s] running egg_info
[2.925s] writing ../../build/ball_chase/ball_chase.egg-info/PKG-INFO
[2.926s] writing dependency_links to ../../build/ball_chase/ball_chase.egg-info/dependency_links.txt
[2.927s] writing entry points to ../../build/ball_chase/ball_chase.egg-info/entry_points.txt
[2.927s] writing requirements to ../../build/ball_chase/ball_chase.egg-info/requires.txt
[2.928s] writing top-level names to ../../build/ball_chase/ball_chase.egg-info/top_level.txt
[3.210s] reading manifest file '../../build/ball_chase/ball_chase.egg-info/SOURCES.txt'
[3.212s] writing manifest file '../../build/ball_chase/ball_chase.egg-info/SOURCES.txt'
[3.213s] running build
[3.213s] running build_py
[3.214s] copying ball_chase/__init__.py -> /home/ubuntu/dev/BallChase/ros2_ball_chase_ws/build/ball_chase/build/lib/ball_chase
[3.214s] copying models/__init__.py -> /home/ubuntu/dev/BallChase/ros2_ball_chase_ws/build/ball_chase/build/lib/models
[3.215s] copying ball_chase/nodes/diagnostics_visualizer_node.py -> /home/ubuntu/dev/BallChase/ros2_ball_chase_ws/build/ball_chase/build/lib/ball_chase/nodes
[3.216s] copying ball_chase/nodes/diagnostics_node.py -> /home/ubuntu/dev/BallChase/ros2_ball_chase_ws/build/ball_chase/build/lib/ball_chase/nodes
[3.216s] copying ball_chase/nodes/transform_receive.py -> /home/ubuntu/dev/BallChase/ros2_ball_chase_ws/build/ball_chase/build/lib/ball_chase/nodes
[3.217s] copying ball_chase/nodes/yolo_ball_node.py -> /home/ubuntu/dev/BallChase/ros2_ball_chase_ws/build/ball_chase/build/lib/ball_chase/nodes
[3.218s] copying ball_chase/nodes/fusion_node.py -> /home/ubuntu/dev/BallChase/ros2_ball_chase_ws/build/ball_chase/build/lib/ball_chase/nodes
[3.218s] copying ball_chase/nodes/hsv_ball_node.py -> /home/ubuntu/dev/BallChase/ros2_ball_chase_ws/build/ball_chase/build/lib/ball_chase/nodes
[3.219s] copying ball_chase/nodes/transform_test.py -> /home/ubuntu/dev/BallChase/ros2_ball_chase_ws/build/ball_chase/build/lib/ball_chase/nodes
[3.219s] copying ball_chase/nodes/depth_camera_node.py -> /home/ubuntu/dev/BallChase/ros2_ball_chase_ws/build/ball_chase/build/lib/ball_chase/nodes
[3.219s] copying ball_chase/nodes/lidar_node.py -> /home/ubuntu/dev/BallChase/ros2_ball_chase_ws/build/ball_chase/build/lib/ball_chase/nodes
[3.219s] copying ball_chase/nodes/__init__.py -> /home/ubuntu/dev/BallChase/ros2_ball_chase_ws/build/ball_chase/build/lib/ball_chase/nodes
[3.222s] copying ball_chase/config/config_loader.py -> /home/ubuntu/dev/BallChase/ros2_ball_chase_ws/build/ball_chase/build/lib/ball_chase/config
[3.222s] copying ball_chase/config/__init__.py -> /home/ubuntu/dev/BallChase/ros2_ball_chase_ws/build/ball_chase/build/lib/ball_chase/config
[3.222s] copying ball_chase/utilities/resource_monitor.py -> /home/ubuntu/dev/BallChase/ros2_ball_chase_ws/build/ball_chase/build/lib/ball_chase/utilities
[3.222s] copying ball_chase/utilities/depth_camera_calibrate.py -> /home/ubuntu/dev/BallChase/ros2_ball_chase_ws/build/ball_chase/build/lib/ball_chase/utilities
[3.222s] copying ball_chase/utilities/time_utils.py -> /home/ubuntu/dev/BallChase/ros2_ball_chase_ws/build/ball_chase/build/lib/ball_chase/utilities
[3.222s] copying ball_chase/utilities/synchronized_processor.py -> /home/ubuntu/dev/BallChase/ros2_ball_chase_ws/build/ball_chase/build/lib/ball_chase/utilities
[3.222s] copying ball_chase/utilities/kalman_fusion_with_sync.py -> /home/ubuntu/dev/BallChase/ros2_ball_chase_ws/build/ball_chase/build/lib/ball_chase/utilities
[3.222s] copying ball_chase/utilities/profile_test.py -> /home/ubuntu/dev/BallChase/ros2_ball_chase_ws/build/ball_chase/build/lib/ball_chase/utilities
[3.222s] copying ball_chase/utilities/calibrate_lidar_vs_camera.py -> /home/ubuntu/dev/BallChase/ros2_ball_chase_ws/build/ball_chase/build/lib/ball_chase/utilities
[3.222s] copying ball_chase/utilities/hsv_debugger.py -> /home/ubuntu/dev/BallChase/ros2_ball_chase_ws/build/ball_chase/build/lib/ball_chase/utilities
[3.222s] copying ball_chase/utilities/__init__.py -> /home/ubuntu/dev/BallChase/ros2_ball_chase_ws/build/ball_chase/build/lib/ball_chase/utilities
[3.223s] copying ball_chase/utilities/sensor_sync_buffer.py -> /home/ubuntu/dev/BallChase/ros2_ball_chase_ws/build/ball_chase/build/lib/ball_chase/utilities
[3.223s] running install
[3.234s] running install_lib
[3.284s] running install_data
[3.284s] copying resource/ball_chase -> /home/ubuntu/dev/BallChase/ros2_ball_chase_ws/install/ball_chase/share/ament_index/resource_index/packages
[3.284s] copying package.xml -> /home/ubuntu/dev/BallChase/ros2_ball_chase_ws/install/ball_chase/share/ball_chase
[3.284s] copying launch/ball_chase.launch.py -> /home/ubuntu/dev/BallChase/ros2_ball_chase_ws/install/ball_chase/share/ball_chase/launch
[3.285s] copying config/lidar_config.yaml -> /home/ubuntu/dev/BallChase/ros2_ball_chase_ws/install/ball_chase/share/ball_chase/config
[3.285s] copying config/yolo_config.yaml -> /home/ubuntu/dev/BallChase/ros2_ball_chase_ws/install/ball_chase/share/ball_chase/config
[3.285s] copying config/depth_config.yaml -> /home/ubuntu/dev/BallChase/ros2_ball_chase_ws/install/ball_chase/share/ball_chase/config
[3.285s] copying config/fusion_config.yaml -> /home/ubuntu/dev/BallChase/ros2_ball_chase_ws/install/ball_chase/share/ball_chase/config
[3.285s] copying config/hsv_config.yaml -> /home/ubuntu/dev/BallChase/ros2_ball_chase_ws/install/ball_chase/share/ball_chase/config
[3.286s] copying models/yolo12n_640.mnn -> /home/ubuntu/dev/BallChase/ros2_ball_chase_ws/install/ball_chase/share/ball_chase/models
[3.305s] copying models/yolo11n_320.mnn -> /home/ubuntu/dev/BallChase/ros2_ball_chase_ws/install/ball_chase/share/ball_chase/models
[3.317s] copying models/yolo12s_320.mnn -> /home/ubuntu/dev/BallChase/ros2_ball_chase_ws/install/ball_chase/share/ball_chase/models
[3.391s] copying models/yolo12n_320.mnn -> /home/ubuntu/dev/BallChase/ros2_ball_chase_ws/install/ball_chase/share/ball_chase/models
[3.403s] running install_egg_info
[3.437s] removing '/home/ubuntu/dev/BallChase/ros2_ball_chase_ws/install/ball_chase/lib/python3.10/site-packages/ball_chase-0.0.0-py3.10.egg-info' (and everything under it)
[3.437s] Copying ../../build/ball_chase/ball_chase.egg-info to /home/ubuntu/dev/BallChase/ros2_ball_chase_ws/install/ball_chase/lib/python3.10/site-packages/ball_chase-0.0.0-py3.10.egg-info
[3.438s] running install_scripts
[3.633s] Installing depth_camera_node script to /home/ubuntu/dev/BallChase/ros2_ball_chase_ws/install/ball_chase/lib/ball_chase
[3.633s] Installing fusion_node script to /home/ubuntu/dev/BallChase/ros2_ball_chase_ws/install/ball_chase/lib/ball_chase
[3.634s] Installing hsv_ball_node script to /home/ubuntu/dev/BallChase/ros2_ball_chase_ws/install/ball_chase/lib/ball_chase
[3.635s] Installing lidar_node script to /home/ubuntu/dev/BallChase/ros2_ball_chase_ws/install/ball_chase/lib/ball_chase
[3.635s] Installing yolo_ball_node script to /home/ubuntu/dev/BallChase/ros2_ball_chase_ws/install/ball_chase/lib/ball_chase
[3.638s] writing list of installed files to '/home/ubuntu/dev/BallChase/ros2_ball_chase_ws/build/ball_chase/install.log'
[3.834s] Invoked command in '/home/ubuntu/dev/BallChase/ros2_ball_chase_ws/src/ball_chase' returned '0': PYTHONPATH=/home/ubuntu/dev/BallChase/ros2_ball_chase_ws/build/ball_chase/prefix_override:/usr/lib/python3/dist-packages/colcon_core/task/python/colcon_distutils_commands:/home/ubuntu/dev/BallChase/ros2_ball_chase_ws/install/ball_chase/lib/python3.10/site-packages:${PYTHONPATH} /usr/bin/python3 -W ignore:setup.py install is deprecated -W ignore:easy_install command is deprecated setup.py egg_info --egg-base ../../build/ball_chase build --build-base /home/ubuntu/dev/BallChase/ros2_ball_chase_ws/build/ball_chase/build install --record /home/ubuntu/dev/BallChase/ros2_ball_chase_ws/build/ball_chase/install.log --single-version-externally-managed install_data
