[1.823s] Invoking command in '/home/ubuntu/dev/BallChase/ros2_ball_chase_ws/build/ball_chase': PYTHONPATH=/home/ubuntu/dev/BallChase/ros2_ball_chase_ws/build/ball_chase/prefix_override:/usr/lib/python3/dist-packages/colcon_core/task/python/colcon_distutils_commands:/home/ubuntu/dev/BallChase/ros2_ball_chase_ws/install/ball_chase/lib/python3.10/site-packages:${PYTHONPATH} /usr/bin/python3 -W ignore:setup.py install is deprecated -W ignore:easy_install command is deprecated setup.py develop --editable --build-directory /home/ubuntu/dev/BallChase/ros2_ball_chase_ws/build/ball_chase/build --no-deps symlink_data
[2.464s] running develop
[2.868s] running egg_info
[2.868s] creating ball_chase.egg-info
[2.896s] writing ball_chase.egg-info/PKG-INFO
[2.897s] writing dependency_links to ball_chase.egg-info/dependency_links.txt
[2.897s] writing entry points to ball_chase.egg-info/entry_points.txt
[2.897s] writing requirements to ball_chase.egg-info/requires.txt
[2.897s] writing top-level names to ball_chase.egg-info/top_level.txt
[2.899s] writing manifest file 'ball_chase.egg-info/SOURCES.txt'
[2.969s] reading manifest file 'ball_chase.egg-info/SOURCES.txt'
[2.970s] writing manifest file 'ball_chase.egg-info/SOURCES.txt'
[3.021s] running build_ext
[3.024s] Creating /home/ubuntu/dev/BallChase/ros2_ball_chase_ws/install/ball_chase/lib/python3.10/site-packages/ball-chase.egg-link (link to .)
[3.024s] Installing depth_camera_node script to /home/ubuntu/dev/BallChase/ros2_ball_chase_ws/install/ball_chase/lib/ball_chase
[3.024s] Installing fusion_node script to /home/ubuntu/dev/BallChase/ros2_ball_chase_ws/install/ball_chase/lib/ball_chase
[3.025s] Installing hsv_ball_node script to /home/ubuntu/dev/BallChase/ros2_ball_chase_ws/install/ball_chase/lib/ball_chase
[3.025s] Installing lidar_node script to /home/ubuntu/dev/BallChase/ros2_ball_chase_ws/install/ball_chase/lib/ball_chase
[3.025s] Installing yolo_ball_node script to /home/ubuntu/dev/BallChase/ros2_ball_chase_ws/install/ball_chase/lib/ball_chase
[3.025s] 
[3.025s] Installed /home/ubuntu/dev/BallChase/ros2_ball_chase_ws/build/ball_chase
[3.026s] running symlink_data
[3.026s] creating /home/ubuntu/dev/BallChase/ros2_ball_chase_ws/install/ball_chase/share/ament_index
[3.026s] creating /home/ubuntu/dev/BallChase/ros2_ball_chase_ws/install/ball_chase/share/ament_index/resource_index
[3.026s] creating /home/ubuntu/dev/BallChase/ros2_ball_chase_ws/install/ball_chase/share/ament_index/resource_index/packages
[3.026s] symbolically linking /home/ubuntu/dev/BallChase/ros2_ball_chase_ws/build/ball_chase/resource/ball_chase -> /home/ubuntu/dev/BallChase/ros2_ball_chase_ws/install/ball_chase/share/ament_index/resource_index/packages
[3.026s] symbolically linking /home/ubuntu/dev/BallChase/ros2_ball_chase_ws/build/ball_chase/package.xml -> /home/ubuntu/dev/BallChase/ros2_ball_chase_ws/install/ball_chase/share/ball_chase
[3.026s] creating /home/ubuntu/dev/BallChase/ros2_ball_chase_ws/install/ball_chase/share/ball_chase/launch
[3.026s] symbolically linking /home/ubuntu/dev/BallChase/ros2_ball_chase_ws/build/ball_chase/launch/ball_chase.launch.py -> /home/ubuntu/dev/BallChase/ros2_ball_chase_ws/install/ball_chase/share/ball_chase/launch
[3.026s] creating /home/ubuntu/dev/BallChase/ros2_ball_chase_ws/install/ball_chase/share/ball_chase/config
[3.026s] symbolically linking /home/ubuntu/dev/BallChase/ros2_ball_chase_ws/build/ball_chase/config/lidar_config.yaml -> /home/ubuntu/dev/BallChase/ros2_ball_chase_ws/install/ball_chase/share/ball_chase/config
[3.027s] symbolically linking /home/ubuntu/dev/BallChase/ros2_ball_chase_ws/build/ball_chase/config/yolo_config.yaml -> /home/ubuntu/dev/BallChase/ros2_ball_chase_ws/install/ball_chase/share/ball_chase/config
[3.027s] symbolically linking /home/ubuntu/dev/BallChase/ros2_ball_chase_ws/build/ball_chase/config/depth_config.yaml -> /home/ubuntu/dev/BallChase/ros2_ball_chase_ws/install/ball_chase/share/ball_chase/config
[3.027s] symbolically linking /home/ubuntu/dev/BallChase/ros2_ball_chase_ws/build/ball_chase/config/fusion_config.yaml -> /home/ubuntu/dev/BallChase/ros2_ball_chase_ws/install/ball_chase/share/ball_chase/config
[3.027s] symbolically linking /home/ubuntu/dev/BallChase/ros2_ball_chase_ws/build/ball_chase/config/hsv_config.yaml -> /home/ubuntu/dev/BallChase/ros2_ball_chase_ws/install/ball_chase/share/ball_chase/config
[3.027s] creating /home/ubuntu/dev/BallChase/ros2_ball_chase_ws/install/ball_chase/share/ball_chase/models
[3.027s] symbolically linking /home/ubuntu/dev/BallChase/ros2_ball_chase_ws/build/ball_chase/models/yolo12n_640.mnn -> /home/ubuntu/dev/BallChase/ros2_ball_chase_ws/install/ball_chase/share/ball_chase/models
[3.027s] symbolically linking /home/ubuntu/dev/BallChase/ros2_ball_chase_ws/build/ball_chase/models/yolo11n_320.mnn -> /home/ubuntu/dev/BallChase/ros2_ball_chase_ws/install/ball_chase/share/ball_chase/models
[3.027s] symbolically linking /home/ubuntu/dev/BallChase/ros2_ball_chase_ws/build/ball_chase/models/yolo12s_320.mnn -> /home/ubuntu/dev/BallChase/ros2_ball_chase_ws/install/ball_chase/share/ball_chase/models
[3.027s] symbolically linking /home/ubuntu/dev/BallChase/ros2_ball_chase_ws/build/ball_chase/models/yolo12n_320.mnn -> /home/ubuntu/dev/BallChase/ros2_ball_chase_ws/install/ball_chase/share/ball_chase/models
[3.184s] Invoked command in '/home/ubuntu/dev/BallChase/ros2_ball_chase_ws/build/ball_chase' returned '0': PYTHONPATH=/home/ubuntu/dev/BallChase/ros2_ball_chase_ws/build/ball_chase/prefix_override:/usr/lib/python3/dist-packages/colcon_core/task/python/colcon_distutils_commands:/home/ubuntu/dev/BallChase/ros2_ball_chase_ws/install/ball_chase/lib/python3.10/site-packages:${PYTHONPATH} /usr/bin/python3 -W ignore:setup.py install is deprecated -W ignore:easy_install command is deprecated setup.py develop --editable --build-directory /home/ubuntu/dev/BallChase/ros2_ball_chase_ws/build/ball_chase/build --no-deps symlink_data
